This file contains any messages produced by compilers while
running configure, to aid debugging if configure makes a mistake.

It was created by configure, which was
generated by GNU Autoconf 2.68.  Invocation command line was

  $ ./configure --prefix=/home/cfd7/

## --------- ##
## Platform. ##
## --------- ##

hostname = cfd7
uname -m = x86_64
uname -r = 3.2.0-67-generic
uname -s = Linux
uname -v = #101-Ubuntu SMP Tue Jul 15 17:46:11 UTC 2014

/usr/bin/uname -p = unknown
/bin/uname -X     = unknown

/bin/arch              = unknown
/usr/bin/arch -k       = unknown
/usr/convex/getsysinfo = unknown
/usr/bin/hostinfo      = unknown
/bin/machine           = unknown
/usr/bin/oslevel       = unknown
/bin/universe          = unknown

PATH: /home/cfd7/bin
PATH: /usr/local/bin
PATH: /usr/bin
PATH: /bin
PATH: /usr/games
PATH: /home/cfd7/visit2_5_2.linux-x86_64/bin
PATH: /usr/local/cuda-5.0/bin
PATH: /home/cfd7/bin


## ----------- ##
## Core tests. ##
## ----------- ##

configure:2540: checking for a BSD-compatible install
configure:2608: result: /usr/bin/install -c
configure:2619: checking whether build environment is sane
configure:2669: result: yes
configure:2810: checking for a thread-safe mkdir -p
configure:2849: result: /bin/mkdir -p
configure:2862: checking for gawk
configure:2878: found /usr/bin/gawk
configure:2889: result: gawk
configure:2900: checking whether make sets $(MAKE)
configure:2922: result: yes
configure:3035: checking whether to enable maintainer-specific portions of Makefiles
configure:3044: result: no
configure:3102: checking for mpicc
configure:3118: found /usr/bin/mpicc
configure:3130: result: yes
configure:3202: checking for gcc
configure:3229: result: mpicc
configure:3458: checking for C compiler version
configure:3467: mpicc --version >&5
gcc (Ubuntu/Linaro 4.6.3-1ubuntu5) 4.6.3
Copyright (C) 2011 Free Software Foundation, Inc.
This is free software; see the source for copying conditions.  There is NO
warranty; not even for MERCHANTABILITY or FITNESS FOR A PARTICULAR PURPOSE.

configure:3478: $? = 0
configure:3467: mpicc -v >&5
mpicc for MPICH2 version 1.4.1
Using built-in specs.
COLLECT_GCC=gcc
COLLECT_LTO_WRAPPER=/usr/lib/gcc/x86_64-linux-gnu/4.6/lto-wrapper
Target: x86_64-linux-gnu
Configured with: ../src/configure -v --with-pkgversion='Ubuntu/Linaro 4.6.3-1ubuntu5' --with-bugurl=file:///usr/share/doc/gcc-4.6/README.Bugs --enable-languages=c,c++,fortran,objc,obj-c++ --prefix=/usr --program-suffix=-4.6 --enable-shared --enable-linker-build-id --with-system-zlib --libexecdir=/usr/lib --without-included-gettext --enable-threads=posix --with-gxx-include-dir=/usr/include/c++/4.6 --libdir=/usr/lib --enable-nls --with-sysroot=/ --enable-clocale=gnu --enable-libstdcxx-debug --enable-libstdcxx-time=yes --enable-gnu-unique-object --enable-plugin --enable-objc-gc --disable-werror --with-arch-32=i686 --with-tune=generic --enable-checking=release --build=x86_64-linux-gnu --host=x86_64-linux-gnu --target=x86_64-linux-gnu
Thread model: posix
gcc version 4.6.3 (Ubuntu/Linaro 4.6.3-1ubuntu5) 
configure:3478: $? = 0
configure:3467: mpicc -V >&5
gcc: error: unrecognized option '-V'
configure:3478: $? = 1
configure:3467: mpicc -qversion >&5
gcc: error: unrecognized option '-qversion'
configure:3478: $? = 1
configure:3498: checking whether the C compiler works
configure:3520: mpicc    conftest.c  >&5
configure:3524: $? = 0
configure:3572: result: yes
configure:3575: checking for C compiler default output file name
configure:3577: result: a.out
configure:3583: checking for suffix of executables
configure:3590: mpicc -o conftest    conftest.c  >&5
configure:3594: $? = 0
configure:3616: result: 
configure:3638: checking whether we are cross compiling
configure:3646: mpicc -o conftest    conftest.c  >&5
configure:3650: $? = 0
configure:3657: ./conftest
configure:3661: $? = 0
configure:3676: result: no
configure:3681: checking for suffix of object files
configure:3703: mpicc -c   conftest.c >&5
configure:3707: $? = 0
configure:3728: result: o
configure:3732: checking whether we are using the GNU C compiler
configure:3751: mpicc -c   conftest.c >&5
configure:3751: $? = 0
configure:3760: result: yes
configure:3769: checking whether mpicc accepts -g
configure:3789: mpicc -c -g  conftest.c >&5
configure:3789: $? = 0
configure:3830: result: yes
configure:3847: checking for mpicc option to accept ISO C89
configure:3911: mpicc  -c -g -O2  conftest.c >&5
configure:3911: $? = 0
configure:3924: result: none needed
configure:3955: checking for style of include used by make
configure:3983: result: GNU
configure:4009: checking dependency style of mpicc
configure:4120: result: gcc3
configure:4146: checking build system type
configure:4160: result: x86_64-unknown-linux-gnu
configure:4180: checking host system type
configure:4193: result: x86_64-unknown-linux-gnu
configure:4562: checking how to print strings
configure:4589: result: printf
configure:4610: checking for a sed that does not truncate output
configure:4674: result: /bin/sed
configure:4692: checking for grep that handles long lines and -e
configure:4750: result: /bin/grep
configure:4755: checking for egrep
configure:4817: result: /bin/grep -E
configure:4822: checking for fgrep
configure:4884: result: /bin/grep -F
configure:4919: checking for ld used by mpicc
configure:4986: result: /usr/bin/ld
configure:4993: checking if the linker (/usr/bin/ld) is GNU ld
configure:5008: result: yes
configure:5020: checking for BSD- or MS-compatible name lister (nm)
configure:5069: result: /usr/bin/nm -B
configure:5199: checking the name lister (/usr/bin/nm -B) interface
configure:5206: mpicc -c -g -O2 -D_XOPEN_SOURCE=700 -D_BSD_SOURCE -D_GNU_SOURCE -Wall -Werror-implicit-function-declaration -Wmissing-prototypes -Wmissing-declarations -pipe -std=c99  conftest.c >&5
configure:5209: /usr/bin/nm -B "conftest.o"
configure:5212: output
0000000000000000 B some_variable
configure:5219: result: BSD nm
configure:5222: checking whether ln -s works
configure:5226: result: yes
configure:5234: checking the maximum length of command line arguments
configure:5364: result: 1572864
configure:5381: checking whether the shell understands some XSI constructs
configure:5391: result: yes
configure:5395: checking whether the shell understands "+="
configure:5401: result: yes
configure:5436: checking how to convert x86_64-unknown-linux-gnu file names to x86_64-unknown-linux-gnu format
configure:5476: result: func_convert_file_noop
configure:5483: checking how to convert x86_64-unknown-linux-gnu file names to toolchain format
configure:5503: result: func_convert_file_noop
configure:5510: checking for /usr/bin/ld option to reload object files
configure:5517: result: -r
configure:5591: checking for objdump
configure:5618: result: objdump
configure:5647: checking how to recognize dependent libraries
configure:5849: result: pass_all
configure:5934: checking for dlltool
configure:5961: result: dlltool
configure:5991: checking how to associate runtime and link libraries
configure:6018: result: printf %s\n
configure:6079: checking for ar
configure:6095: found /usr/bin/ar
configure:6106: result: ar
configure:6143: checking for archiver @FILE support
configure:6160: mpicc -c -g -O2 -D_XOPEN_SOURCE=700 -D_BSD_SOURCE -D_GNU_SOURCE -Wall -Werror-implicit-function-declaration -Wmissing-prototypes -Wmissing-declarations -pipe -std=c99  conftest.c >&5
configure:6160: $? = 0
configure:6163: ar cru libconftest.a @conftest.lst >&5
configure:6166: $? = 0
configure:6171: ar cru libconftest.a @conftest.lst >&5
ar: conftest.o: No such file or directory
configure:6174: $? = 1
configure:6186: result: @
configure:6244: checking for strip
configure:6260: found /usr/bin/strip
configure:6271: result: strip
configure:6343: checking for ranlib
configure:6359: found /usr/bin/ranlib
configure:6370: result: ranlib
configure:6472: checking command to parse /usr/bin/nm -B output from mpicc object
configure:6592: mpicc -c -g -O2 -D_XOPEN_SOURCE=700 -D_BSD_SOURCE -D_GNU_SOURCE -Wall -Werror-implicit-function-declaration -Wmissing-prototypes -Wmissing-declarations -pipe -std=c99  conftest.c >&5
configure:6595: $? = 0
configure:6599: /usr/bin/nm -B conftest.o \| sed -n -e 's/^.*[ ]\([ABCDGIRSTW][ABCDGIRSTW]*\)[ ][ ]*\([_A-Za-z][_A-Za-z0-9]*\)$/\1 \2 \2/p' | sed '/ __gnu_lto/d' \> conftest.nm
configure:6602: $? = 0
configure:6668: mpicc -o conftest -g -O2 -D_XOPEN_SOURCE=700 -D_BSD_SOURCE -D_GNU_SOURCE -Wall -Werror-implicit-function-declaration -Wmissing-prototypes -Wmissing-declarations -pipe -std=c99   conftest.c conftstm.o >&5
configure:6671: $? = 0
configure:6709: result: ok
configure:6746: checking for sysroot
configure:6776: result: no
configure:6853: mpicc -c -g -O2 -D_XOPEN_SOURCE=700 -D_BSD_SOURCE -D_GNU_SOURCE -Wall -Werror-implicit-function-declaration -Wmissing-prototypes -Wmissing-declarations -pipe -std=c99  conftest.c >&5
configure:6856: $? = 0
configure:7032: checking for mt
configure:7048: found /bin/mt
configure:7059: result: mt
configure:7082: checking if mt is a manifest tool
configure:7088: mt '-?'
configure:7096: result: no
configure:7738: checking how to run the C preprocessor
configure:7769: mpicc -E  conftest.c
configure:7769: $? = 0
configure:7783: mpicc -E  conftest.c
conftest.c:17:28: fatal error: ac_nonexistent.h: No such file or directory
compilation terminated.
configure:7783: $? = 1
configure: failed program was:
| /* confdefs.h */
| #define PACKAGE_NAME ""
| #define PACKAGE_TARNAME ""
| #define PACKAGE_VERSION ""
| #define PACKAGE_STRING ""
| #define PACKAGE_BUGREPORT ""
| #define PACKAGE_URL ""
| #define GFS_MAJOR_VERSION 1
| #define GFS_MINOR_VERSION 3
| #define GFS_MICRO_VERSION 2
| #define GFS_INTERFACE_AGE 0
| #define GFS_BINARY_AGE 0
| #define GFS_VERSION "1.3.2"
| #define GFS_COMPILATION_FLAGS ""
| #define HAVE_MPI 1
| /* end confdefs.h.  */
| #include <ac_nonexistent.h>
configure:7808: result: mpicc -E
configure:7828: mpicc -E  conftest.c
configure:7828: $? = 0
configure:7842: mpicc -E  conftest.c
conftest.c:17:28: fatal error: ac_nonexistent.h: No such file or directory
compilation terminated.
configure:7842: $? = 1
configure: failed program was:
| /* confdefs.h */
| #define PACKAGE_NAME ""
| #define PACKAGE_TARNAME ""
| #define PACKAGE_VERSION ""
| #define PACKAGE_STRING ""
| #define PACKAGE_BUGREPORT ""
| #define PACKAGE_URL ""
| #define GFS_MAJOR_VERSION 1
| #define GFS_MINOR_VERSION 3
| #define GFS_MICRO_VERSION 2
| #define GFS_INTERFACE_AGE 0
| #define GFS_BINARY_AGE 0
| #define GFS_VERSION "1.3.2"
| #define GFS_COMPILATION_FLAGS ""
| #define HAVE_MPI 1
| /* end confdefs.h.  */
| #include <ac_nonexistent.h>
configure:7871: checking for ANSI C header files
configure:7891: mpicc -c -g -O2 -D_XOPEN_SOURCE=700 -D_BSD_SOURCE -D_GNU_SOURCE -Wall -Werror-implicit-function-declaration -Wmissing-prototypes -Wmissing-declarations -pipe -std=c99  conftest.c >&5
configure:7891: $? = 0
configure:7964: mpicc -o conftest -g -O2 -D_XOPEN_SOURCE=700 -D_BSD_SOURCE -D_GNU_SOURCE -Wall -Werror-implicit-function-declaration -Wmissing-prototypes -Wmissing-declarations -pipe -std=c99   conftest.c  >&5
configure:7964: $? = 0
configure:7964: ./conftest
configure:7964: $? = 0
configure:7975: result: yes
configure:7988: checking for sys/types.h
configure:7988: mpicc -c -g -O2 -D_XOPEN_SOURCE=700 -D_BSD_SOURCE -D_GNU_SOURCE -Wall -Werror-implicit-function-declaration -Wmissing-prototypes -Wmissing-declarations -pipe -std=c99  conftest.c >&5
configure:7988: $? = 0
configure:7988: result: yes
configure:7988: checking for sys/stat.h
configure:7988: mpicc -c -g -O2 -D_XOPEN_SOURCE=700 -D_BSD_SOURCE -D_GNU_SOURCE -Wall -Werror-implicit-function-declaration -Wmissing-prototypes -Wmissing-declarations -pipe -std=c99  conftest.c >&5
configure:7988: $? = 0
configure:7988: result: yes
configure:7988: checking for stdlib.h
configure:7988: mpicc -c -g -O2 -D_XOPEN_SOURCE=700 -D_BSD_SOURCE -D_GNU_SOURCE -Wall -Werror-implicit-function-declaration -Wmissing-prototypes -Wmissing-declarations -pipe -std=c99  conftest.c >&5
configure:7988: $? = 0
configure:7988: result: yes
configure:7988: checking for string.h
configure:7988: mpicc -c -g -O2 -D_XOPEN_SOURCE=700 -D_BSD_SOURCE -D_GNU_SOURCE -Wall -Werror-implicit-function-declaration -Wmissing-prototypes -Wmissing-declarations -pipe -std=c99  conftest.c >&5
configure:7988: $? = 0
configure:7988: result: yes
configure:7988: checking for memory.h
configure:7988: mpicc -c -g -O2 -D_XOPEN_SOURCE=700 -D_BSD_SOURCE -D_GNU_SOURCE -Wall -Werror-implicit-function-declaration -Wmissing-prototypes -Wmissing-declarations -pipe -std=c99  conftest.c >&5
configure:7988: $? = 0
configure:7988: result: yes
configure:7988: checking for strings.h
configure:7988: mpicc -c -g -O2 -D_XOPEN_SOURCE=700 -D_BSD_SOURCE -D_GNU_SOURCE -Wall -Werror-implicit-function-declaration -Wmissing-prototypes -Wmissing-declarations -pipe -std=c99  conftest.c >&5
configure:7988: $? = 0
configure:7988: result: yes
configure:7988: checking for inttypes.h
configure:7988: mpicc -c -g -O2 -D_XOPEN_SOURCE=700 -D_BSD_SOURCE -D_GNU_SOURCE -Wall -Werror-implicit-function-declaration -Wmissing-prototypes -Wmissing-declarations -pipe -std=c99  conftest.c >&5
configure:7988: $? = 0
configure:7988: result: yes
configure:7988: checking for stdint.h
configure:7988: mpicc -c -g -O2 -D_XOPEN_SOURCE=700 -D_BSD_SOURCE -D_GNU_SOURCE -Wall -Werror-implicit-function-declaration -Wmissing-prototypes -Wmissing-declarations -pipe -std=c99  conftest.c >&5
configure:7988: $? = 0
configure:7988: result: yes
configure:7988: checking for unistd.h
configure:7988: mpicc -c -g -O2 -D_XOPEN_SOURCE=700 -D_BSD_SOURCE -D_GNU_SOURCE -Wall -Werror-implicit-function-declaration -Wmissing-prototypes -Wmissing-declarations -pipe -std=c99  conftest.c >&5
configure:7988: $? = 0
configure:7988: result: yes
configure:8002: checking for dlfcn.h
configure:8002: mpicc -c -g -O2 -D_XOPEN_SOURCE=700 -D_BSD_SOURCE -D_GNU_SOURCE -Wall -Werror-implicit-function-declaration -Wmissing-prototypes -Wmissing-declarations -pipe -std=c99  conftest.c >&5
configure:8002: $? = 0
configure:8002: result: yes
configure:8206: checking for objdir
configure:8221: result: .libs
configure:8488: checking if mpicc supports -fno-rtti -fno-exceptions
configure:8506: mpicc -c -g -O2 -D_XOPEN_SOURCE=700 -D_BSD_SOURCE -D_GNU_SOURCE -Wall -Werror-implicit-function-declaration -Wmissing-prototypes -Wmissing-declarations -pipe -std=c99  -fno-rtti -fno-exceptions conftest.c >&5
cc1: warning: command line option '-fno-rtti' is valid for C++/ObjC++ but not for C [enabled by default]
configure:8510: $? = 0
configure:8523: result: no
configure:8850: checking for mpicc option to produce PIC
configure:8857: result: -fPIC -DPIC
configure:8865: checking if mpicc PIC flag -fPIC -DPIC works
configure:8883: mpicc -c -g -O2 -D_XOPEN_SOURCE=700 -D_BSD_SOURCE -D_GNU_SOURCE -Wall -Werror-implicit-function-declaration -Wmissing-prototypes -Wmissing-declarations -pipe -std=c99  -fPIC -DPIC -DPIC conftest.c >&5
configure:8887: $? = 0
configure:8900: result: yes
configure:8929: checking if mpicc static flag -static works
configure:8957: result: no
configure:8972: checking if mpicc supports -c -o file.o
configure:8993: mpicc -c -g -O2 -D_XOPEN_SOURCE=700 -D_BSD_SOURCE -D_GNU_SOURCE -Wall -Werror-implicit-function-declaration -Wmissing-prototypes -Wmissing-declarations -pipe -std=c99  -o out/conftest2.o conftest.c >&5
configure:8997: $? = 0
configure:9019: result: yes
configure:9027: checking if mpicc supports -c -o file.o
configure:9074: result: yes
configure:9107: checking whether the mpicc linker (/usr/bin/ld -m elf_x86_64) supports shared libraries
configure:10264: result: yes
configure:10301: checking whether -lc should be explicitly linked in
configure:10309: mpicc -c -g -O2 -D_XOPEN_SOURCE=700 -D_BSD_SOURCE -D_GNU_SOURCE -Wall -Werror-implicit-function-declaration -Wmissing-prototypes -Wmissing-declarations -pipe -std=c99  conftest.c >&5
configure:10312: $? = 0
configure:10327: mpicc -shared  -fPIC -DPIC conftest.o  -v -Wl,-soname -Wl,conftest -o conftest 2\>\&1 \| /bin/grep  -lc  \>/dev/null 2\>\&1
configure:10330: $? = 0
configure:10344: result: no
configure:10504: checking dynamic linker characteristics
configure:11015: mpicc -o conftest -g -O2 -D_XOPEN_SOURCE=700 -D_BSD_SOURCE -D_GNU_SOURCE -Wall -Werror-implicit-function-declaration -Wmissing-prototypes -Wmissing-declarations -pipe -std=c99   -Wl,-rpath -Wl,/foo conftest.c  >&5
configure:11015: $? = 0
configure:11249: result: GNU/Linux ld.so
configure:11356: checking how to hardcode library paths into programs
configure:11381: result: immediate
configure:11921: checking whether stripping libraries is possible
configure:11926: result: yes
configure:11961: checking if libtool supports shared libraries
configure:11963: result: yes
configure:11966: checking whether to build shared libraries
configure:11987: result: yes
configure:11990: checking whether to build static libraries
configure:11994: result: yes
configure:12032: checking whether mpicc and cc understand -c and -o together
configure:12063: mpicc -c conftest.c -o conftest2.o >&5
configure:12067: $? = 0
configure:12073: mpicc -c conftest.c -o conftest2.o >&5
configure:12077: $? = 0
configure:12088: cc -c conftest.c >&5
configure:12092: $? = 0
configure:12100: cc -c conftest.c -o conftest2.o >&5
configure:12104: $? = 0
configure:12110: cc -c conftest.c -o conftest2.o >&5
configure:12114: $? = 0
configure:12132: result: yes
configure:12184: checking for gawk
configure:12211: result: gawk
configure:12222: checking for library containing strerror
configure:12253: mpicc -o conftest -g -O2 -D_XOPEN_SOURCE=700 -D_BSD_SOURCE -D_GNU_SOURCE -Wall -Werror-implicit-function-declaration -Wmissing-prototypes -Wmissing-declarations -pipe -std=c99   conftest.c  >&5
configure:12253: $? = 0
configure:12270: result: none required
configure:12278: checking for ANSI C header files
configure:12382: result: yes
configure:12392: checking whether pointers can be stored in doubles
configure:12407: mpicc -o conftest -g -O2 -D_XOPEN_SOURCE=700 -D_BSD_SOURCE -D_GNU_SOURCE -Wall -Werror-implicit-function-declaration -Wmissing-prototypes -Wmissing-declarations -pipe -std=c99   conftest.c  >&5
conftest.c:31:1: warning: return type defaults to 'int' [enabled by default]
configure:12407: $? = 0
configure:12407: ./conftest
configure:12407: $? = 0
configure:12416: result: yes
configure:12477: checking for pkg-config
configure:12495: found /usr/bin/pkg-config
configure:12507: result: /usr/bin/pkg-config
configure:12532: checking pkg-config is at least version 0.9.0
configure:12535: result: yes
configure:12545: checking for GTS
configure:12552: $PKG_CONFIG --exists --print-errors "gts >= 0.7.4"
configure:12555: $? = 0
configure:12569: $PKG_CONFIG --exists --print-errors "gts >= 0.7.4"
configure:12572: $? = 0
configure:12630: result: yes
configure:12651: checking whether modules are supported
configure:12673: mpicc -o conftest -pthread -I/home/cfd7/include -I/usr/include/glib-2.0 -I/usr/lib/x86_64-linux-gnu/glib-2.0/include     conftest.c -pthread -Wl,--export-dynamic -L/home/cfd7/lib -lgts -lm -lgthread-2.0 -lgmodule-2.0 -lrt -lglib-2.0   >&5
configure:12673: $? = 0
configure:12673: ./conftest
configure:12673: $? = 0
configure:12682: result: yes
configure:12724: checking for pkg-config
configure:12740: found /usr/bin/pkg-config
configure:12752: result: yes
configure:12780: checking for m4
configure:12796: found /usr/bin/m4
configure:12808: result: yes
configure:12821: checking check whether m4 accepts the -P option
configure:12829: result: yes
configure:12846: checking for pj_fwd in -lproj
configure:12871: mpicc -o conftest -g -O2 -D_XOPEN_SOURCE=700 -D_BSD_SOURCE -D_GNU_SOURCE -Wall -Werror-implicit-function-declaration -Wmissing-prototypes -Wmissing-declarations -pipe -std=c99   conftest.c -lproj -lm  >&5
configure:12871: $? = 0
configure:12880: result: yes
configure:12891: checking proj_api.h usability
configure:12891: mpicc -c -g -O2 -D_XOPEN_SOURCE=700 -D_BSD_SOURCE -D_GNU_SOURCE -Wall -Werror-implicit-function-declaration -Wmissing-prototypes -Wmissing-declarations -pipe -std=c99  conftest.c >&5
configure:12891: $? = 0
configure:12891: result: yes
configure:12891: checking proj_api.h presence
configure:12891: mpicc -E  conftest.c
configure:12891: $? = 0
configure:12891: result: yes
configure:12891: checking for proj_api.h
configure:12891: result: yes
configure:12949: checking for gsl-config
configure:12967: found /usr/bin/gsl-config
configure:12980: result: /usr/bin/gsl-config
configure:12989: checking for GSL - version >= 0.2.5
configure:13089: mpicc -o conftest -g -O2 -D_XOPEN_SOURCE=700 -D_BSD_SOURCE -D_GNU_SOURCE -Wall -Werror-implicit-function-declaration -Wmissing-prototypes -Wmissing-declarations -pipe -std=c99 -I/usr/include   conftest.c  -L/usr/lib -lgsl -lgslcblas -lm >&5
conftest.c: In function 'main':
conftest.c:63:10: warning: ignoring return value of 'system', declared with attribute warn_unused_result [-Wunused-result]
configure:13089: $? = 0
configure:13089: ./conftest
configure:13089: $? = 0
configure:13103: result: yes
configure:13174: checking for nc_open in -lnetcdf
configure:13199: mpicc -o conftest -g -O2 -D_XOPEN_SOURCE=700 -D_BSD_SOURCE -D_GNU_SOURCE -Wall -Werror-implicit-function-declaration -Wmissing-prototypes -Wmissing-declarations -pipe -std=c99   conftest.c -lnetcdf -lm  >&5
configure:13199: $? = 0
configure:13208: result: yes
configure:13218: checking netcdf.h usability
configure:13218: mpicc -c -g -O2 -D_XOPEN_SOURCE=700 -D_BSD_SOURCE -D_GNU_SOURCE -Wall -Werror-implicit-function-declaration -Wmissing-prototypes -Wmissing-declarations -pipe -std=c99  conftest.c >&5
configure:13218: $? = 0
configure:13218: result: yes
configure:13218: checking netcdf.h presence
configure:13218: mpicc -E  conftest.c
configure:13218: $? = 0
configure:13218: result: yes
configure:13218: checking for netcdf.h
configure:13218: result: yes
configure:13310: checking for g77
configure:13340: result: no
configure:13310: checking for xlf
configure:13340: result: no
configure:13310: checking for f77
configure:13340: result: no
configure:13310: checking for frt
configure:13340: result: no
configure:13310: checking for pgf77
configure:13340: result: no
configure:13310: checking for cf77
configure:13340: result: no
configure:13310: checking for fort77
configure:13340: result: no
configure:13310: checking for fl32
configure:13340: result: no
configure:13310: checking for af77
configure:13340: result: no
configure:13310: checking for xlf90
configure:13340: result: no
configure:13310: checking for f90
configure:13340: result: no
configure:13310: checking for pgf90
configure:13340: result: no
configure:13310: checking for pghpf
configure:13340: result: no
configure:13310: checking for epcf90
configure:13340: result: no
configure:13310: checking for gfortran
configure:13326: found /usr/bin/gfortran
configure:13337: result: gfortran
configure:13363: checking for Fortran 77 compiler version
configure:13372: gfortran --version >&5
GNU Fortran (Ubuntu/Linaro 4.6.3-1ubuntu5) 4.6.3
Copyright (C) 2011 Free Software Foundation, Inc.

GNU Fortran comes with NO WARRANTY, to the extent permitted by law.
You may redistribute copies of GNU Fortran
under the terms of the GNU General Public License.
For more information about these matters, see the file named COPYING

configure:13383: $? = 0
configure:13372: gfortran -v >&5
Using built-in specs.
COLLECT_GCC=gfortran
COLLECT_LTO_WRAPPER=/usr/lib/gcc/x86_64-linux-gnu/4.6/lto-wrapper
Target: x86_64-linux-gnu
Configured with: ../src/configure -v --with-pkgversion='Ubuntu/Linaro 4.6.3-1ubuntu5' --with-bugurl=file:///usr/share/doc/gcc-4.6/README.Bugs --enable-languages=c,c++,fortran,objc,obj-c++ --prefix=/usr --program-suffix=-4.6 --enable-shared --enable-linker-build-id --with-system-zlib --libexecdir=/usr/lib --without-included-gettext --enable-threads=posix --with-gxx-include-dir=/usr/include/c++/4.6 --libdir=/usr/lib --enable-nls --with-sysroot=/ --enable-clocale=gnu --enable-libstdcxx-debug --enable-libstdcxx-time=yes --enable-gnu-unique-object --enable-plugin --enable-objc-gc --disable-werror --with-arch-32=i686 --with-tune=generic --enable-checking=release --build=x86_64-linux-gnu --host=x86_64-linux-gnu --target=x86_64-linux-gnu
Thread model: posix
gcc version 4.6.3 (Ubuntu/Linaro 4.6.3-1ubuntu5) 
configure:13383: $? = 0
configure:13372: gfortran -V >&5
gfortran: error: unrecognized option '-V'
gfortran: fatal error: no input files
compilation terminated.
configure:13383: $? = 4
configure:13372: gfortran -qversion >&5
gfortran: error: unrecognized option '-qversion'
gfortran: fatal error: no input files
compilation terminated.
configure:13383: $? = 4
configure:13392: checking whether we are using the GNU Fortran 77 compiler
configure:13405: gfortran -c  conftest.F >&5
configure:13405: $? = 0
configure:13414: result: yes
configure:13420: checking whether gfortran accepts -g
configure:13431: gfortran -c -g conftest.f >&5
configure:13431: $? = 0
configure:13439: result: yes
configure:13575: checking if libtool supports shared libraries
configure:13577: result: yes
configure:13580: checking whether to build shared libraries
configure:13600: result: yes
configure:13603: checking whether to build static libraries
configure:13607: result: yes
configure:13928: checking for gfortran option to produce PIC
configure:13935: result: -fPIC
configure:13943: checking if gfortran PIC flag -fPIC works
configure:13961: gfortran -c -g -O2 -fPIC conftest.f >&5
configure:13965: $? = 0
configure:13978: result: yes
configure:14001: checking if gfortran static flag -static works
configure:14029: result: yes
configure:14041: checking if gfortran supports -c -o file.o
configure:14062: gfortran -c -g -O2 -o out/conftest2.o conftest.f >&5
configure:14066: $? = 0
configure:14088: result: yes
configure:14093: checking if gfortran supports -c -o file.o
configure:14140: result: yes
configure:14170: checking whether the gfortran linker (/usr/bin/ld -m elf_x86_64) supports shared libraries
configure:15277: result: yes
configure:15418: checking dynamic linker characteristics
configure:16091: result: GNU/Linux ld.so
configure:16144: checking how to hardcode library paths into programs
configure:16169: result: immediate
configure:16207: checking how to get verbose linking output from gfortran
configure:16217: gfortran -c -g -O2 conftest.f >&5
configure:16217: $? = 0
configure:16235: gfortran -o conftest -g -O2 -v conftest.f
Using built-in specs.
Target: x86_64-linux-gnu
Thread model: posix
gcc version 4.6.3 (Ubuntu/Linaro 4.6.3-1ubuntu5) 
 /usr/lib/gcc/x86_64-linux-gnu/4.6/f951 conftest.f -ffixed-form -quiet -dumpbase conftest.f -mtune=generic -march=x86-64 -auxbase conftest -g -O2 -version -fintrinsic-modules-path /usr/lib/gcc/x86_64-linux-gnu/4.6/finclude -o /tmp/ccVRtFNS.s
GNU Fortran (Ubuntu/Linaro 4.6.3-1ubuntu5) version 4.6.3 (x86_64-linux-gnu)
	compiled by GNU C version 4.6.3, GMP version 5.0.2, MPFR version 3.1.0-p3, MPC version 0.9
GGC heuristics: --param ggc-min-expand=100 --param ggc-min-heapsize=131072
GNU Fortran (Ubuntu/Linaro 4.6.3-1ubuntu5) version 4.6.3 (x86_64-linux-gnu)
	compiled by GNU C version 4.6.3, GMP version 5.0.2, MPFR version 3.1.0-p3, MPC version 0.9
GGC heuristics: --param ggc-min-expand=100 --param ggc-min-heapsize=131072
 as --64 -o /tmp/ccNkgOvy.o /tmp/ccVRtFNS.s
Reading specs from /usr/lib/gcc/x86_64-linux-gnu/4.6/libgfortran.spec
rename spec lib to liborig
 /usr/lib/gcc/x86_64-linux-gnu/4.6/collect2 --sysroot=/ --build-id --no-add-needed --as-needed --eh-frame-hdr -m elf_x86_64 --hash-style=gnu -dynamic-linker /lib64/ld-linux-x86-64.so.2 -z relro -o conftest /usr/lib/gcc/x86_64-linux-gnu/4.6/../../../x86_64-linux-gnu/crt1.o /usr/lib/gcc/x86_64-linux-gnu/4.6/../../../x86_64-linux-gnu/crti.o /usr/lib/gcc/x86_64-linux-gnu/4.6/crtbegin.o -L/usr/lib/gcc/x86_64-linux-gnu/4.6 -L/usr/lib/gcc/x86_64-linux-gnu/4.6/../../../x86_64-linux-gnu -L/usr/lib/gcc/x86_64-linux-gnu/4.6/../../../../lib -L/lib/x86_64-linux-gnu -L/lib/../lib -L/usr/lib/x86_64-linux-gnu -L/usr/lib/../lib -L/usr/lib/gcc/x86_64-linux-gnu/4.6/../../.. /tmp/ccNkgOvy.o -lgfortran -lm -lgcc_s -lgcc -lquadmath -lm -lgcc_s -lgcc -lc -lgcc_s -lgcc /usr/lib/gcc/x86_64-linux-gnu/4.6/crtend.o /usr/lib/gcc/x86_64-linux-gnu/4.6/../../../x86_64-linux-gnu/crtn.o
configure:16301: result: -v
configure:16303: checking for Fortran 77 libraries of gfortran
configure:16326: gfortran -o conftest -g -O2 -v conftest.f
Using built-in specs.
Target: x86_64-linux-gnu
Thread model: posix
gcc version 4.6.3 (Ubuntu/Linaro 4.6.3-1ubuntu5) 
 /usr/lib/gcc/x86_64-linux-gnu/4.6/f951 conftest.f -ffixed-form -quiet -dumpbase conftest.f -mtune=generic -march=x86-64 -auxbase conftest -g -O2 -version -fintrinsic-modules-path /usr/lib/gcc/x86_64-linux-gnu/4.6/finclude -o /tmp/cc0RscuX.s
GNU Fortran (Ubuntu/Linaro 4.6.3-1ubuntu5) version 4.6.3 (x86_64-linux-gnu)
	compiled by GNU C version 4.6.3, GMP version 5.0.2, MPFR version 3.1.0-p3, MPC version 0.9
GGC heuristics: --param ggc-min-expand=100 --param ggc-min-heapsize=131072
GNU Fortran (Ubuntu/Linaro 4.6.3-1ubuntu5) version 4.6.3 (x86_64-linux-gnu)
	compiled by GNU C version 4.6.3, GMP version 5.0.2, MPFR version 3.1.0-p3, MPC version 0.9
GGC heuristics: --param ggc-min-expand=100 --param ggc-min-heapsize=131072
 as --64 -o /tmp/ccprNmoD.o /tmp/cc0RscuX.s
Reading specs from /usr/lib/gcc/x86_64-linux-gnu/4.6/libgfortran.spec
rename spec lib to liborig
 /usr/lib/gcc/x86_64-linux-gnu/4.6/collect2 --sysroot=/ --build-id --no-add-needed --as-needed --eh-frame-hdr -m elf_x86_64 --hash-style=gnu -dynamic-linker /lib64/ld-linux-x86-64.so.2 -z relro -o conftest /usr/lib/gcc/x86_64-linux-gnu/4.6/../../../x86_64-linux-gnu/crt1.o /usr/lib/gcc/x86_64-linux-gnu/4.6/../../../x86_64-linux-gnu/crti.o /usr/lib/gcc/x86_64-linux-gnu/4.6/crtbegin.o -L/usr/lib/gcc/x86_64-linux-gnu/4.6 -L/usr/lib/gcc/x86_64-linux-gnu/4.6/../../../x86_64-linux-gnu -L/usr/lib/gcc/x86_64-linux-gnu/4.6/../../../../lib -L/lib/x86_64-linux-gnu -L/lib/../lib -L/usr/lib/x86_64-linux-gnu -L/usr/lib/../lib -L/usr/lib/gcc/x86_64-linux-gnu/4.6/../../.. /tmp/ccprNmoD.o -lgfortran -lm -lgcc_s -lgcc -lquadmath -lm -lgcc_s -lgcc -lc -lgcc_s -lgcc /usr/lib/gcc/x86_64-linux-gnu/4.6/crtend.o /usr/lib/gcc/x86_64-linux-gnu/4.6/../../../x86_64-linux-gnu/crtn.o
configure:16501: result:  -L/usr/lib/gcc/x86_64-linux-gnu/4.6 -L/usr/lib/gcc/x86_64-linux-gnu/4.6/../../../x86_64-linux-gnu -L/usr/lib/gcc/x86_64-linux-gnu/4.6/../../../../lib -L/lib/x86_64-linux-gnu -L/lib/../lib -L/usr/lib/x86_64-linux-gnu -L/usr/lib/../lib -L/usr/lib/gcc/x86_64-linux-gnu/4.6/../../.. -lgfortran -lm -lquadmath
configure:16517: checking for dummy main to link with Fortran 77 libraries
configure:16551: mpicc -o conftest -g -O2 -D_XOPEN_SOURCE=700 -D_BSD_SOURCE -D_GNU_SOURCE -Wall -Werror-implicit-function-declaration -Wmissing-prototypes -Wmissing-declarations -pipe -std=c99   conftest.c   -L/usr/lib/gcc/x86_64-linux-gnu/4.6 -L/usr/lib/gcc/x86_64-linux-gnu/4.6/../../../x86_64-linux-gnu -L/usr/lib/gcc/x86_64-linux-gnu/4.6/../../../../lib -L/lib/x86_64-linux-gnu -L/lib/../lib -L/usr/lib/x86_64-linux-gnu -L/usr/lib/../lib -L/usr/lib/gcc/x86_64-linux-gnu/4.6/../../.. -lgfortran -lm -lquadmath >&5
configure:16551: $? = 0
configure:16596: result: none
configure:16629: checking for Fortran 77 name-mangling scheme
configure:16642: gfortran -c -g -O2 conftest.f >&5
configure:16642: $? = 0
configure:16683: mpicc -o conftest -g -O2 -D_XOPEN_SOURCE=700 -D_BSD_SOURCE -D_GNU_SOURCE -Wall -Werror-implicit-function-declaration -Wmissing-prototypes -Wmissing-declarations -pipe -std=c99   conftest.c cfortran_test.o   -L/usr/lib/gcc/x86_64-linux-gnu/4.6 -L/usr/lib/gcc/x86_64-linux-gnu/4.6/../../../x86_64-linux-gnu -L/usr/lib/gcc/x86_64-linux-gnu/4.6/../../../../lib -L/lib/x86_64-linux-gnu -L/lib/../lib -L/usr/lib/x86_64-linux-gnu -L/usr/lib/../lib -L/usr/lib/gcc/x86_64-linux-gnu/4.6/../../.. -lgfortran -lm -lquadmath >&5
/tmp/ccdZrMR2.o: In function `main':
/home/cfd7/gerris-stable/conftest.c:54: undefined reference to `foobar'
collect2: ld returned 1 exit status
configure:16683: $? = 1
configure: failed program was:
| /* confdefs.h */
| #define PACKAGE_NAME ""
| #define PACKAGE_TARNAME ""
| #define PACKAGE_VERSION ""
| #define PACKAGE_STRING ""
| #define PACKAGE_BUGREPORT ""
| #define PACKAGE_URL ""
| #define GFS_MAJOR_VERSION 1
| #define GFS_MINOR_VERSION 3
| #define GFS_MICRO_VERSION 2
| #define GFS_INTERFACE_AGE 0
| #define GFS_BINARY_AGE 0
| #define GFS_VERSION "1.3.2"
| #define GFS_COMPILATION_FLAGS ""
| #define HAVE_MPI 1
| #define STDC_HEADERS 1
| #define HAVE_SYS_TYPES_H 1
| #define HAVE_SYS_STAT_H 1
| #define HAVE_STDLIB_H 1
| #define HAVE_STRING_H 1
| #define HAVE_MEMORY_H 1
| #define HAVE_STRINGS_H 1
| #define HAVE_INTTYPES_H 1
| #define HAVE_STDINT_H 1
| #define HAVE_UNISTD_H 1
| #define HAVE_DLFCN_H 1
| #define LT_OBJDIR ".libs/"
| #define STDC_HEADERS 1
| #define HAVE_PKG_CONFIG 1
| #define HAVE_M4 1
| #define M4_OPTIONS "-P"
| #define HAVE_PROJ_API_H 1
| #define HAVE_NETCDF_H 1
| /* end confdefs.h.  */
| 
| /* Override any GCC internal prototype to avoid an error.
|    Use char because int might match the return type of a GCC
|    builtin and then its argument prototype would still apply.  */
| #ifdef __cplusplus
| extern "C"
| #endif
| char foobar ();
| #ifdef F77_DUMMY_MAIN
| 
| #  ifdef __cplusplus
|      extern "C"
| #  endif
|    int F77_DUMMY_MAIN() { return 1; }
| 
| #endif
| int
| main ()
| {
| return foobar ();
|   ;
|   return 0;
| }
configure:16683: mpicc -o conftest -g -O2 -D_XOPEN_SOURCE=700 -D_BSD_SOURCE -D_GNU_SOURCE -Wall -Werror-implicit-function-declaration -Wmissing-prototypes -Wmissing-declarations -pipe -std=c99   conftest.c cfortran_test.o   -L/usr/lib/gcc/x86_64-linux-gnu/4.6 -L/usr/lib/gcc/x86_64-linux-gnu/4.6/../../../x86_64-linux-gnu -L/usr/lib/gcc/x86_64-linux-gnu/4.6/../../../../lib -L/lib/x86_64-linux-gnu -L/lib/../lib -L/usr/lib/x86_64-linux-gnu -L/usr/lib/../lib -L/usr/lib/gcc/x86_64-linux-gnu/4.6/../../.. -lgfortran -lm -lquadmath >&5
configure:16683: $? = 0
configure:16741: mpicc -o conftest -g -O2 -D_XOPEN_SOURCE=700 -D_BSD_SOURCE -D_GNU_SOURCE -Wall -Werror-implicit-function-declaration -Wmissing-prototypes -Wmissing-declarations -pipe -std=c99   conftest.c cfortran_test.o   -L/usr/lib/gcc/x86_64-linux-gnu/4.6 -L/usr/lib/gcc/x86_64-linux-gnu/4.6/../../../x86_64-linux-gnu -L/usr/lib/gcc/x86_64-linux-gnu/4.6/../../../../lib -L/lib/x86_64-linux-gnu -L/lib/../lib -L/usr/lib/x86_64-linux-gnu -L/usr/lib/../lib -L/usr/lib/gcc/x86_64-linux-gnu/4.6/../../.. -lgfortran -lm -lquadmath >&5
configure:16741: $? = 0
configure:16783: result: lower case, underscore, no extra underscore
configure:20072: checking for ode-config
configure:20088: found /usr/bin/ode-config
configure:20100: result: yes
configure:20129: checking for HYPRE_IJMatrixCreate in -lHYPRE
configure:20162: mpicc -o conftest -g -O2 -D_XOPEN_SOURCE=700 -D_BSD_SOURCE -D_GNU_SOURCE -Wall -Werror-implicit-function-declaration -Wmissing-prototypes -Wmissing-declarations -pipe -std=c99   conftest.c -lHYPRE -lm  >&5
/usr/bin/ld: cannot find -lHYPRE
collect2: ld returned 1 exit status
configure:20162: $? = 1
configure: failed program was:
| /* confdefs.h */
| #define PACKAGE_NAME ""
| #define PACKAGE_TARNAME ""
| #define PACKAGE_VERSION ""
| #define PACKAGE_STRING ""
| #define PACKAGE_BUGREPORT ""
| #define PACKAGE_URL ""
| #define GFS_MAJOR_VERSION 1
| #define GFS_MINOR_VERSION 3
| #define GFS_MICRO_VERSION 2
| #define GFS_INTERFACE_AGE 0
| #define GFS_BINARY_AGE 0
| #define GFS_VERSION "1.3.2"
| #define GFS_COMPILATION_FLAGS ""
| #define HAVE_MPI 1
| #define STDC_HEADERS 1
| #define HAVE_SYS_TYPES_H 1
| #define HAVE_SYS_STAT_H 1
| #define HAVE_STDLIB_H 1
| #define HAVE_STRING_H 1
| #define HAVE_MEMORY_H 1
| #define HAVE_STRINGS_H 1
| #define HAVE_INTTYPES_H 1
| #define HAVE_STDINT_H 1
| #define HAVE_UNISTD_H 1
| #define HAVE_DLFCN_H 1
| #define LT_OBJDIR ".libs/"
| #define STDC_HEADERS 1
| #define HAVE_PKG_CONFIG 1
| #define HAVE_M4 1
| #define M4_OPTIONS "-P"
| #define HAVE_PROJ_API_H 1
| #define HAVE_NETCDF_H 1
| #define F77_FUNC(name,NAME) name ## _
| #define F77_FUNC_(name,NAME) name ## _
| /* end confdefs.h.  */
| 
| /* Override any GCC internal prototype to avoid an error.
|    Use char because int might match the return type of a GCC
|    builtin and then its argument prototype would still apply.  */
| #ifdef __cplusplus
| extern "C"
| #endif
| char HYPRE_IJMatrixCreate ();
| #ifdef F77_DUMMY_MAIN
| 
| #  ifdef __cplusplus
|      extern "C"
| #  endif
|    int F77_DUMMY_MAIN() { return 1; }
| 
| #endif
| int
| main ()
| {
| return HYPRE_IJMatrixCreate ();
|   ;
|   return 0;
| }
configure:20171: result: no
configure:20196: WARNING: HYPRE not found. hypre Module won't be available.
configure:20210: checking for lis_initialize in -llis
configure:20243: mpicc -o conftest -g -O2 -D_XOPEN_SOURCE=700 -D_BSD_SOURCE -D_GNU_SOURCE -Wall -Werror-implicit-function-declaration -Wmissing-prototypes -Wmissing-declarations -pipe -std=c99   conftest.c -llis -lgfortran -lm  >&5
/usr/bin/ld: cannot find -llis
collect2: ld returned 1 exit status
configure:20243: $? = 1
configure: failed program was:
| /* confdefs.h */
| #define PACKAGE_NAME ""
| #define PACKAGE_TARNAME ""
| #define PACKAGE_VERSION ""
| #define PACKAGE_STRING ""
| #define PACKAGE_BUGREPORT ""
| #define PACKAGE_URL ""
| #define GFS_MAJOR_VERSION 1
| #define GFS_MINOR_VERSION 3
| #define GFS_MICRO_VERSION 2
| #define GFS_INTERFACE_AGE 0
| #define GFS_BINARY_AGE 0
| #define GFS_VERSION "1.3.2"
| #define GFS_COMPILATION_FLAGS ""
| #define HAVE_MPI 1
| #define STDC_HEADERS 1
| #define HAVE_SYS_TYPES_H 1
| #define HAVE_SYS_STAT_H 1
| #define HAVE_STDLIB_H 1
| #define HAVE_STRING_H 1
| #define HAVE_MEMORY_H 1
| #define HAVE_STRINGS_H 1
| #define HAVE_INTTYPES_H 1
| #define HAVE_STDINT_H 1
| #define HAVE_UNISTD_H 1
| #define HAVE_DLFCN_H 1
| #define LT_OBJDIR ".libs/"
| #define STDC_HEADERS 1
| #define HAVE_PKG_CONFIG 1
| #define HAVE_M4 1
| #define M4_OPTIONS "-P"
| #define HAVE_PROJ_API_H 1
| #define HAVE_NETCDF_H 1
| #define F77_FUNC(name,NAME) name ## _
| #define F77_FUNC_(name,NAME) name ## _
| /* end confdefs.h.  */
| 
| /* Override any GCC internal prototype to avoid an error.
|    Use char because int might match the return type of a GCC
|    builtin and then its argument prototype would still apply.  */
| #ifdef __cplusplus
| extern "C"
| #endif
| char lis_initialize ();
| #ifdef F77_DUMMY_MAIN
| 
| #  ifdef __cplusplus
|      extern "C"
| #  endif
|    int F77_DUMMY_MAIN() { return 1; }
| 
| #endif
| int
| main ()
| {
| return lis_initialize ();
|   ;
|   return 0;
| }
configure:20252: result: no
configure:20277: WARNING: lis not found. lis Module won't be available.
configure:20292: checking for FFTW3
configure:20299: $PKG_CONFIG --exists --print-errors " fftw3 >= 3 "
configure:20302: $? = 0
configure:20316: $PKG_CONFIG --exists --print-errors " fftw3 >= 3 "
configure:20319: $? = 0
configure:20357: result: yes
configure:20375: checking fenv.h usability
configure:20375: mpicc -c -g -O2 -D_XOPEN_SOURCE=700 -D_BSD_SOURCE -D_GNU_SOURCE -Wall -Werror-implicit-function-declaration -Wmissing-prototypes -Wmissing-declarations -pipe -std=c99  conftest.c >&5
configure:20375: $? = 0
configure:20375: result: yes
configure:20375: checking fenv.h presence
configure:20375: mpicc -E  conftest.c
configure:20375: $? = 0
configure:20375: result: yes
configure:20375: checking for fenv.h
configure:20375: result: yes
configure:20388: checking for unistd.h
configure:20388: result: yes
configure:20401: checking getopt.h usability
configure:20401: mpicc -c -g -O2 -D_XOPEN_SOURCE=700 -D_BSD_SOURCE -D_GNU_SOURCE -Wall -Werror-implicit-function-declaration -Wmissing-prototypes -Wmissing-declarations -pipe -std=c99  conftest.c >&5
configure:20401: $? = 0
configure:20401: result: yes
configure:20401: checking getopt.h presence
configure:20401: mpicc -E  conftest.c
configure:20401: $? = 0
configure:20401: result: yes
configure:20401: checking for getopt.h
configure:20401: result: yes
configure:20421: checking for getopt_long
configure:20421: mpicc -o conftest -pthread -I/home/cfd7/include -I/usr/include/glib-2.0 -I/usr/lib/x86_64-linux-gnu/glib-2.0/include     conftest.c -pthread -Wl,--export-dynamic -L/home/cfd7/lib -lgts -lm -lgthread-2.0 -lgmodule-2.0 -lrt -lglib-2.0   >&5
configure:20421: $? = 0
configure:20421: result: yes
configure:20421: checking for g_mkdtemp
configure:20421: mpicc -o conftest -pthread -I/home/cfd7/include -I/usr/include/glib-2.0 -I/usr/lib/x86_64-linux-gnu/glib-2.0/include     conftest.c -pthread -Wl,--export-dynamic -L/home/cfd7/lib -lgts -lm -lgthread-2.0 -lgmodule-2.0 -lrt -lglib-2.0   >&5
configure:20421: $? = 0
configure:20421: result: yes
configure:20421: checking for open_memstream
configure:20421: mpicc -o conftest -pthread -I/home/cfd7/include -I/usr/include/glib-2.0 -I/usr/lib/x86_64-linux-gnu/glib-2.0/include     conftest.c -pthread -Wl,--export-dynamic -L/home/cfd7/lib -lgts -lm -lgthread-2.0 -lgmodule-2.0 -lrt -lglib-2.0   >&5
configure:20421: $? = 0
configure:20421: result: yes
configure:20421: checking for funopen
configure:20421: mpicc -o conftest -pthread -I/home/cfd7/include -I/usr/include/glib-2.0 -I/usr/lib/x86_64-linux-gnu/glib-2.0/include     conftest.c -pthread -Wl,--export-dynamic -L/home/cfd7/lib -lgts -lm -lgthread-2.0 -lgmodule-2.0 -lrt -lglib-2.0   >&5
/tmp/ccD55ODO.o: In function `main':
conftest.c:(.text+0xa): undefined reference to `funopen'
collect2: ld returned 1 exit status
configure:20421: $? = 1
configure: failed program was:
| /* confdefs.h */
| #define PACKAGE_NAME ""
| #define PACKAGE_TARNAME ""
| #define PACKAGE_VERSION ""
| #define PACKAGE_STRING ""
| #define PACKAGE_BUGREPORT ""
| #define PACKAGE_URL ""
| #define GFS_MAJOR_VERSION 1
| #define GFS_MINOR_VERSION 3
| #define GFS_MICRO_VERSION 2
| #define GFS_INTERFACE_AGE 0
| #define GFS_BINARY_AGE 0
| #define GFS_VERSION "1.3.2"
| #define GFS_COMPILATION_FLAGS ""
| #define HAVE_MPI 1
| #define STDC_HEADERS 1
| #define HAVE_SYS_TYPES_H 1
| #define HAVE_SYS_STAT_H 1
| #define HAVE_STDLIB_H 1
| #define HAVE_STRING_H 1
| #define HAVE_MEMORY_H 1
| #define HAVE_STRINGS_H 1
| #define HAVE_INTTYPES_H 1
| #define HAVE_STDINT_H 1
| #define HAVE_UNISTD_H 1
| #define HAVE_DLFCN_H 1
| #define LT_OBJDIR ".libs/"
| #define STDC_HEADERS 1
| #define HAVE_PKG_CONFIG 1
| #define HAVE_M4 1
| #define M4_OPTIONS "-P"
| #define HAVE_PROJ_API_H 1
| #define HAVE_NETCDF_H 1
| #define F77_FUNC(name,NAME) name ## _
| #define F77_FUNC_(name,NAME) name ## _
| #define HAVE_FENV_H 1
| #define HAVE_FENV_H 1
| #define HAVE_UNISTD_H 1
| #define HAVE_UNISTD_H 1
| #define HAVE_GETOPT_H 1
| #define HAVE_GETOPT_H 1
| #define HAVE_GETOPT_LONG 1
| #define HAVE_G_MKDTEMP 1
| #define HAVE_OPEN_MEMSTREAM 1
| /* end confdefs.h.  */
| /* Define funopen to an innocuous variant, in case <limits.h> declares funopen.
|    For example, HP-UX 11i <limits.h> declares gettimeofday.  */
| #define funopen innocuous_funopen
| 
| /* System header to define __stub macros and hopefully few prototypes,
|     which can conflict with char funopen (); below.
|     Prefer <limits.h> to <assert.h> if __STDC__ is defined, since
|     <limits.h> exists even on freestanding compilers.  */
| 
| #ifdef __STDC__
| # include <limits.h>
| #else
| # include <assert.h>
| #endif
| 
| #undef funopen
| 
| /* Override any GCC internal prototype to avoid an error.
|    Use char because int might match the return type of a GCC
|    builtin and then its argument prototype would still apply.  */
| #ifdef __cplusplus
| extern "C"
| #endif
| char funopen ();
| /* The GNU C library defines this for functions which it implements
|     to always fail with ENOSYS.  Some functions are actually named
|     something starting with __ and the normal name is an alias.  */
| #if defined __stub_funopen || defined __stub___funopen
| choke me
| #endif
| 
| int
| main ()
| {
| return funopen ();
|   ;
|   return 0;
| }
configure:20421: result: no
configure:20436: checking for open_memstream
configure:20436: result: yes
configure:20658: creating ./config.status

## ---------------------- ##
## Running config.status. ##
## ---------------------- ##

This file was extended by config.status, which was
generated by GNU Autoconf 2.68.  Invocation command line was

  CONFIG_FILES    = 
  CONFIG_HEADERS  = 
  CONFIG_LINKS    = 
  CONFIG_COMMANDS = 
  $ ./config.status 

on cfd7

config.status:1313: creating Makefile
config.status:1313: creating src/Makefile
config.status:1313: creating src/gerris2D.pc
config.status:1313: creating src/gerris3D.pc
config.status:1313: creating tools/Makefile
config.status:1313: creating modules/Makefile
config.status:1313: creating modules/RStarTree/Makefile
config.status:1313: creating modules/kdt/Makefile
config.status:1313: creating modules/fes2004/Makefile
config.status:1313: creating modules/wavewatch/Makefile
config.status:1313: creating modules/culvert/Makefile
config.status:1313: creating test/Makefile
config.status:1313: creating doc/Makefile
config.status:1313: creating doc/tutorial/Makefile
config.status:1313: creating doc/examples/Makefile
config.status:1313: creating doc/manpages/Makefile
config.status:1313: creating doc/examples/gfs2doc
config.status:1313: creating doc/examples/gfs-highlight
config.status:1313: creating doc/examples/crossref.sh
config.status:1313: creating desktop/Makefile
config.status:1313: creating debian/Makefile
config.status:1313: creating config.h
config.status:1494: config.h is unchanged
config.status:1542: executing depfiles commands
config.status:1542: executing libtool commands

## ---------------- ##
## Cache variables. ##
## ---------------- ##

ac_cv_build=x86_64-unknown-linux-gnu
ac_cv_c_compiler_gnu=yes
ac_cv_env_CC_set=
ac_cv_env_CC_value=
ac_cv_env_CFLAGS_set=
ac_cv_env_CFLAGS_value=
ac_cv_env_CPPFLAGS_set=
ac_cv_env_CPPFLAGS_value=
ac_cv_env_CPP_set=
ac_cv_env_CPP_value=
ac_cv_env_F77_set=
ac_cv_env_F77_value=
ac_cv_env_FCFLAGS_set=
ac_cv_env_FCFLAGS_value=
ac_cv_env_FC_set=
ac_cv_env_FC_value=
ac_cv_env_FFLAGS_set=
ac_cv_env_FFLAGS_value=
ac_cv_env_FFTW3_CFLAGS_set=
ac_cv_env_FFTW3_CFLAGS_value=
ac_cv_env_FFTW3_LIBS_set=
ac_cv_env_FFTW3_LIBS_value=
ac_cv_env_GTS_CFLAGS_set=
ac_cv_env_GTS_CFLAGS_value=
ac_cv_env_GTS_LIBS_set=
ac_cv_env_GTS_LIBS_value=
ac_cv_env_LDFLAGS_set=
ac_cv_env_LDFLAGS_value=
ac_cv_env_LIBS_set=
ac_cv_env_LIBS_value=
ac_cv_env_PKG_CONFIG_LIBDIR_set=
ac_cv_env_PKG_CONFIG_LIBDIR_value=
ac_cv_env_PKG_CONFIG_PATH_set=set
ac_cv_env_PKG_CONFIG_PATH_value=:/home/cfd7/lib/pkgconfig
ac_cv_env_PKG_CONFIG_set=
ac_cv_env_PKG_CONFIG_value=
ac_cv_env_build_alias_set=
ac_cv_env_build_alias_value=
ac_cv_env_host_alias_set=
ac_cv_env_host_alias_value=
ac_cv_env_target_alias_set=
ac_cv_env_target_alias_value=
ac_cv_f77_compiler_gnu=yes
ac_cv_f77_dummy_main=none
ac_cv_f77_libs=' -L/usr/lib/gcc/x86_64-linux-gnu/4.6 -L/usr/lib/gcc/x86_64-linux-gnu/4.6/../../../x86_64-linux-gnu -L/usr/lib/gcc/x86_64-linux-gnu/4.6/../../../../lib -L/lib/x86_64-linux-gnu -L/lib/../lib -L/usr/lib/x86_64-linux-gnu -L/usr/lib/../lib -L/usr/lib/gcc/x86_64-linux-gnu/4.6/../../.. -lgfortran -lm -lquadmath'
ac_cv_f77_mangling='lower case, underscore, no extra underscore'
ac_cv_fortran_dummy_main=none
ac_cv_func_funopen=no
ac_cv_func_g_mkdtemp=yes
ac_cv_func_getopt_long=yes
ac_cv_func_open_memstream=yes
ac_cv_header_dlfcn_h=yes
ac_cv_header_fenv_h=yes
ac_cv_header_getopt_h=yes
ac_cv_header_inttypes_h=yes
ac_cv_header_memory_h=yes
ac_cv_header_netcdf_h=yes
ac_cv_header_proj_api_h=yes
ac_cv_header_stdc=yes
ac_cv_header_stdint_h=yes
ac_cv_header_stdlib_h=yes
ac_cv_header_string_h=yes
ac_cv_header_strings_h=yes
ac_cv_header_sys_stat_h=yes
ac_cv_header_sys_types_h=yes
ac_cv_header_unistd_h=yes
ac_cv_host=x86_64-unknown-linux-gnu
ac_cv_lib_HYPRE_HYPRE_IJMatrixCreate=no
ac_cv_lib_lis_lis_initialize=no
ac_cv_lib_netcdf_nc_open=yes
ac_cv_lib_proj_pj_fwd=yes
ac_cv_objext=o
ac_cv_path_EGREP='/bin/grep -E'
ac_cv_path_FGREP='/bin/grep -F'
ac_cv_path_GREP=/bin/grep
ac_cv_path_GSL_CONFIG=/usr/bin/gsl-config
ac_cv_path_SED=/bin/sed
ac_cv_path_ac_pt_PKG_CONFIG=/usr/bin/pkg-config
ac_cv_path_install='/usr/bin/install -c'
ac_cv_path_mkdir=/bin/mkdir
ac_cv_prog_AWK=gawk
ac_cv_prog_CPP='mpicc -E'
ac_cv_prog_ac_ct_AR=ar
ac_cv_prog_ac_ct_CC=mpicc
ac_cv_prog_ac_ct_DLLTOOL=dlltool
ac_cv_prog_ac_ct_F77=gfortran
ac_cv_prog_ac_ct_MANIFEST_TOOL=mt
ac_cv_prog_ac_ct_OBJDUMP=objdump
ac_cv_prog_ac_ct_RANLIB=ranlib
ac_cv_prog_ac_ct_STRIP=strip
ac_cv_prog_cc_c89=
ac_cv_prog_cc_g=yes
ac_cv_prog_cc_mpicc_c_o=yes
ac_cv_prog_f77_g=yes
ac_cv_prog_f77_v=-v
ac_cv_prog_have_m4=yes
ac_cv_prog_have_pkg_config=yes
ac_cv_prog_make_make_set=yes
ac_cv_prog_ode=yes
ac_cv_prog_use_mpicc=yes
ac_cv_search_strerror='none required'
am_cv_CC_dependencies_compiler_type=gcc3
lt_cv_ar_at_file=@
lt_cv_archive_cmds_need_lc=no
lt_cv_deplibs_check_method=pass_all
lt_cv_file_magic_cmd='$MAGIC_CMD'
lt_cv_file_magic_test_file=
lt_cv_ld_reload_flag=-r
lt_cv_nm_interface='BSD nm'
lt_cv_objdir=.libs
lt_cv_path_LD=/usr/bin/ld
lt_cv_path_NM='/usr/bin/nm -B'
lt_cv_path_mainfest_tool=no
lt_cv_prog_compiler_c_o=yes
lt_cv_prog_compiler_c_o_F77=yes
lt_cv_prog_compiler_pic='-fPIC -DPIC'
lt_cv_prog_compiler_pic_F77=-fPIC
lt_cv_prog_compiler_pic_works=yes
lt_cv_prog_compiler_pic_works_F77=yes
lt_cv_prog_compiler_rtti_exceptions=no
lt_cv_prog_compiler_static_works=no
lt_cv_prog_compiler_static_works_F77=yes
lt_cv_prog_gnu_ld=yes
lt_cv_sharedlib_from_linklib_cmd='printf %s\n'
lt_cv_shlibpath_overrides_runpath=no
lt_cv_sys_global_symbol_pipe='sed -n -e '\''s/^.*[	 ]\([ABCDGIRSTW][ABCDGIRSTW]*\)[	 ][	 ]*\([_A-Za-z][_A-Za-z0-9]*\)$/\1 \2 \2/p'\'' | sed '\''/ __gnu_lto/d'\'''
lt_cv_sys_global_symbol_to_c_name_address='sed -n -e '\''s/^: \([^ ]*\)[ ]*$/  {\"\1\", (void *) 0},/p'\'' -e '\''s/^[ABCDGIRSTW]* \([^ ]*\) \([^ ]*\)$/  {"\2", (void *) \&\2},/p'\'''
lt_cv_sys_global_symbol_to_c_name_address_lib_prefix='sed -n -e '\''s/^: \([^ ]*\)[ ]*$/  {\"\1\", (void *) 0},/p'\'' -e '\''s/^[ABCDGIRSTW]* \([^ ]*\) \(lib[^ ]*\)$/  {"\2", (void *) \&\2},/p'\'' -e '\''s/^[ABCDGIRSTW]* \([^ ]*\) \([^ ]*\)$/  {"lib\2", (void *) \&\2},/p'\'''
lt_cv_sys_global_symbol_to_cdecl='sed -n -e '\''s/^T .* \(.*\)$/extern int \1();/p'\'' -e '\''s/^[ABCDGIRSTW]* .* \(.*\)$/extern char \1;/p'\'''
lt_cv_sys_max_cmd_len=1572864
lt_cv_to_host_file_cmd=func_convert_file_noop
lt_cv_to_tool_file_cmd=func_convert_file_noop
pkg_cv_FFTW3_CFLAGS=' '
pkg_cv_FFTW3_LIBS='-lfftw3 -lm  '
pkg_cv_GTS_CFLAGS='-pthread -I/home/cfd7/include -I/usr/include/glib-2.0 -I/usr/lib/x86_64-linux-gnu/glib-2.0/include  '
pkg_cv_GTS_LIBS='-pthread -Wl,--export-dynamic -L/home/cfd7/lib -lgts -lm -lgthread-2.0 -lgmodule-2.0 -lrt -lglib-2.0  '

## ----------------- ##
## Output variables. ##
## ----------------- ##

ACLOCAL='${SHELL} /home/cfd7/gerris-stable/missing --run aclocal-1.11'
AMDEPBACKSLASH='\'
AMDEP_FALSE='#'
AMDEP_TRUE=''
AMTAR='$${TAR-tar}'
AR='ar'
AS='as'
AUTOCONF='${SHELL} /home/cfd7/gerris-stable/missing --run autoconf'
AUTOHEADER='${SHELL} /home/cfd7/gerris-stable/missing --run autoheader'
AUTOMAKE='${SHELL} /home/cfd7/gerris-stable/missing --run automake-1.11'
AWK='gawk'
BUILD_AGMG_FALSE=''
BUILD_AGMG_TRUE='#'
BUILD_HYPRE_FALSE=''
BUILD_HYPRE_TRUE='#'
BUILD_LIS_FALSE=''
BUILD_LIS_TRUE='#'
BUILD_ODE_FALSE='#'
BUILD_ODE_TRUE=''
BUILD_STOKES_FALSE='#'
BUILD_STOKES_TRUE=''
BUILD_TIDE_FALSE='#'
BUILD_TIDE_TRUE=''
BUILD_WAVEWATCH_FALSE=''
BUILD_WAVEWATCH_TRUE='#'
CC='mpicc'
CCDEPMODE='depmode=gcc3'
CFLAGS='-g -O2 -D_XOPEN_SOURCE=700 -D_BSD_SOURCE -D_GNU_SOURCE -Wall -Werror-implicit-function-declaration -Wmissing-prototypes -Wmissing-declarations -pipe -std=c99'
CPP='mpicc -E'
CPPFLAGS=''
CYGPATH_W='echo'
DARCS_CONTROLLED_FALSE='#'
DARCS_CONTROLLED_TRUE=''
DEFS='-DHAVE_CONFIG_H'
DEPDIR='.deps'
DLLTOOL='dlltool'
DSYMUTIL=''
DUMPBIN=''
ECHO_C=''
ECHO_N='-n'
ECHO_T=''
EGREP='/bin/grep -E'
EXEEXT=''
F77='gfortran'
FC=''
FCFLAGS=''
FFLAGS='-g -O2'
FFTW3_CFLAGS=' '
FFTW3_LIBS='-lfftw3 -lm  '
FGREP='/bin/grep -F'
FLIBS=' -L/usr/lib/gcc/x86_64-linux-gnu/4.6 -L/usr/lib/gcc/x86_64-linux-gnu/4.6/../../../x86_64-linux-gnu -L/usr/lib/gcc/x86_64-linux-gnu/4.6/../../../../lib -L/lib/x86_64-linux-gnu -L/lib/../lib -L/usr/lib/x86_64-linux-gnu -L/usr/lib/../lib -L/usr/lib/gcc/x86_64-linux-gnu/4.6/../../.. -lgfortran -lm -lquadmath'
GFS2D_LIBS='$(top_builddir)/src/libgfs2D.la -pthread -Wl,--export-dynamic -L/home/cfd7/lib -lgts -lm -lgthread-2.0 -lgmodule-2.0 -lrt -lglib-2.0  '
GFS3D_LIBS='$(top_builddir)/src/libgfs3D.la -pthread -Wl,--export-dynamic -L/home/cfd7/lib -lgts -lm -lgthread-2.0 -lgmodule-2.0 -lrt -lglib-2.0  '
GFS_COMPILATION_FLAGS=''
GFS_MAJOR_VERSION='1'
GFS_MICRO_VERSION='2'
GFS_MINOR_VERSION='3'
GFS_VERSION='1.3.2'
GREP='/bin/grep'
GSL_CFLAGS='-I/usr/include'
GSL_CONFIG='/usr/bin/gsl-config'
GSL_LIBS='-L/usr/lib -lgsl -lgslcblas -lm'
GTS_CFLAGS='-pthread -I/home/cfd7/include -I/usr/include/glib-2.0 -I/usr/lib/x86_64-linux-gnu/glib-2.0/include  '
GTS_LIBS='-pthread -Wl,--export-dynamic -L/home/cfd7/lib -lgts -lm -lgthread-2.0 -lgmodule-2.0 -lrt -lglib-2.0  '
HAS_FFTW3_FALSE='#'
HAS_FFTW3_TRUE=''
HAS_GSL_FALSE='#'
HAS_GSL_TRUE=''
HAS_LIBPROJ_FALSE='#'
HAS_LIBPROJ_TRUE=''
HAS_NETCDF_FALSE='#'
HAS_NETCDF_TRUE=''
INSTALL_DATA='${INSTALL} -m 644'
INSTALL_PROGRAM='${INSTALL}'
INSTALL_SCRIPT='${INSTALL}'
INSTALL_STRIP_PROGRAM='$(install_sh) -c -s'
LD='/usr/bin/ld -m elf_x86_64'
LDFLAGS=''
LIBOBJS=''
LIBS=''
LIBTOOL='$(SHELL) $(top_builddir)/libtool --silent'
LIPO=''
LN_S='ln -s'
LTLIBOBJS=''
LT_AGE='0'
LT_CURRENT='2'
LT_RELEASE='1.3'
LT_REVISION='0'
MAINT='#'
MAINTAINER_MODE_FALSE=''
MAINTAINER_MODE_TRUE='#'
MAKEINFO='${SHELL} /home/cfd7/gerris-stable/missing --run makeinfo'
MANIFEST_TOOL=':'
MKDIR_P='/bin/mkdir -p'
NM='/usr/bin/nm -B'
NMEDIT=''
NO_UNDEFINED='-no-undefined'
OBJDUMP='objdump'
OBJEXT='o'
ODE_CFLAGS='-I/usr/include -DdDOUBLE'
ODE_LIBS='-L/usr/lib -lode -lstdc++'
OPEN_MEMSTREAM_FALSE=''
OPEN_MEMSTREAM_TRUE='#'
OTOOL64=''
OTOOL=''
PACKAGE='gerris'
PACKAGE_BUGREPORT=''
PACKAGE_NAME=''
PACKAGE_STRING=''
PACKAGE_TARNAME=''
PACKAGE_URL=''
PACKAGE_VERSION=''
PATH_SEPARATOR=':'
PKG_CONFIG='/usr/bin/pkg-config'
PKG_CONFIG_LIBDIR=''
PKG_CONFIG_PATH=':/home/cfd7/lib/pkgconfig'
RANLIB='ranlib'
SED='/bin/sed'
SET_MAKE=''
SHELL='/bin/bash'
STRIP='strip'
VERSION='1.3.2'
W3INIT=''
WEBROOT='/var/www/site-gerris/gerris'
ac_ct_AR='ar'
ac_ct_CC='mpicc'
ac_ct_DUMPBIN=''
ac_ct_F77='gfortran'
ac_ct_FC=''
am__EXEEXT_FALSE=''
am__EXEEXT_TRUE='#'
am__fastdepCC_FALSE='#'
am__fastdepCC_TRUE=''
am__include='include'
am__isrc=''
am__leading_dot='.'
am__nodep='_no'
am__quote=''
am__tar='$${TAR-tar} chof - "$$tardir"'
am__untar='$${TAR-tar} xf -'
bindir='${exec_prefix}/bin'
build='x86_64-unknown-linux-gnu'
build_alias=''
build_cpu='x86_64'
build_os='linux-gnu'
build_vendor='unknown'
datadir='${datarootdir}'
datarootdir='${prefix}/share'
docdir='${datarootdir}/doc/${PACKAGE}'
dvidir='${docdir}'
exec_prefix='${prefix}'
have_m4='yes'
have_pkg_config='yes'
host='x86_64-unknown-linux-gnu'
host_alias=''
host_cpu='x86_64'
host_os='linux-gnu'
host_vendor='unknown'
htmldir='${docdir}'
includedir='${prefix}/include'
infodir='${datarootdir}/info'
install_sh='${SHELL} /home/cfd7/gerris-stable/install-sh'
libdir='${exec_prefix}/lib'
libexecdir='${exec_prefix}/libexec'
localedir='${datarootdir}/locale'
localstatedir='${prefix}/var'
mandir='${datarootdir}/man'
mkdir_p='/bin/mkdir -p'
ode='yes'
oldincludedir='/usr/include'
pdfdir='${docdir}'
prefix='/home/cfd7'
program_transform_name='s,x,x,'
psdir='${docdir}'
sbindir='${exec_prefix}/sbin'
sharedstatedir='${prefix}/com'
sysconfdir='${prefix}/etc'
target_alias=''
use_mpicc='yes'

## ----------- ##
## confdefs.h. ##
## ----------- ##

/* confdefs.h */
#define PACKAGE_NAME ""
#define PACKAGE_TARNAME ""
#define PACKAGE_VERSION ""
#define PACKAGE_STRING ""
#define PACKAGE_BUGREPORT ""
#define PACKAGE_URL ""
#define GFS_MAJOR_VERSION 1
#define GFS_MINOR_VERSION 3
#define GFS_MICRO_VERSION 2
#define GFS_INTERFACE_AGE 0
#define GFS_BINARY_AGE 0
#define GFS_VERSION "1.3.2"
#define GFS_COMPILATION_FLAGS ""
#define HAVE_MPI 1
#define STDC_HEADERS 1
#define HAVE_SYS_TYPES_H 1
#define HAVE_SYS_STAT_H 1
#define HAVE_STDLIB_H 1
#define HAVE_STRING_H 1
#define HAVE_MEMORY_H 1
#define HAVE_STRINGS_H 1
#define HAVE_INTTYPES_H 1
#define HAVE_STDINT_H 1
#define HAVE_UNISTD_H 1
#define HAVE_DLFCN_H 1
#define LT_OBJDIR ".libs/"
#define STDC_HEADERS 1
#define HAVE_PKG_CONFIG 1
#define HAVE_M4 1
#define M4_OPTIONS "-P"
#define HAVE_PROJ_API_H 1
#define HAVE_NETCDF_H 1
#define F77_FUNC(name,NAME) name ## _
#define F77_FUNC_(name,NAME) name ## _
#define HAVE_FENV_H 1
#define HAVE_FENV_H 1
#define HAVE_UNISTD_H 1
#define HAVE_UNISTD_H 1
#define HAVE_GETOPT_H 1
#define HAVE_GETOPT_H 1
#define HAVE_GETOPT_LONG 1
#define HAVE_G_MKDTEMP 1
#define HAVE_OPEN_MEMSTREAM 1

configure: exit 0
